<?xml version="1.0" encoding="UTF-8"?>
<testsuite name="Gives Appropriate error messages for Request Failures" tests="7" skipped="0" failures="0" errors="0" timestamp="2019-12-20T19:00:16" hostname="JMATHEWLT" time="9.425">
  <properties/>
  <testcase name="Service has no data to return for the requested Models." classname="Gives Appropriate error messages for Request Failures" time="7.755"/>
  <testcase name="User makes a Put Request against the service." classname="Gives Appropriate error messages for Request Failures" time="0.578"/>
  <testcase name="User makes a GET Request against the service." classname="Gives Appropriate error messages for Request Failures" time="0.31"/>
  <testcase name="User makes a Patch Request against the service." classname="Gives Appropriate error messages for Request Failures" time="0.173"/>
  <testcase name="Missing stateCode in the request body." classname="Gives Appropriate error messages for Request Failures" time="0.182"/>
  <testcase name="Missing Ccode in the request body." classname="Gives Appropriate error messages for Request Failures" time="0.206"/>
  <testcase name="Missing Llp in the request body." classname="Gives Appropriate error messages for Request Failures" time="0.204"/>
  <system-out><![CDATA[14:00:16.696 [Test worker] INFO net.thucydides.core.steps.ConsoleLoggingListener - 
 _____ _____ ____ _____   ____ _____  _    ____ _____ _____ ____  
|_   _| ____/ ___|_   _| / ___|_   _|/ \  |  _ \_   _| ____|  _ \ 
  | | |  _| \___ \ | |   \___ \ | | / _ \ | |_) || | |  _| | | | |
  | | | |___ ___) || |    ___) || |/ ___ \|  _ < | | | |___| |_| |
  |_| |_____|____/ |_|   |____/ |_/_/   \_\_| \_\|_| |_____|____/ 
                                                                  

TEST STARTED: Service has no data to return for the requested Models.
-------------------------------------------------------------------(gives-appropriate-error-messages-for-request-failures;service-has-no-data-to-return-for-the-requested-models.)
14:00:16.751 [Test worker] DEBUG net.thucydides.core.requirements.RootDirectory - Resource directories found in  in 32 ms: [src\test\resources]
14:00:16.804 [Test worker] DEBUG net.thucydides.core.requirements.RootDirectory - Resource directories found in C:\Users\Jose.Mathew\OneDrive - Autodata Solutions, Inc\Documents\Work\bdd\Compare in 19 ms: [C:\Users\Jose.Mathew\OneDrive - Autodata Solutions, Inc\Documents\Work\bdd\Compare\src\test\resources]
14:00:17.415 [Test worker] DEBUG net.thucydides.core.steps.StepInterceptor - STARTING STEP: model_failure_steps.the_user_makes_a_post_request_with_three_valid_CCODES_Llp_s - performAs
14:00:17.554 [Test worker] DEBUG net.thucydides.core.steps.StepInterceptor - STARTING STEP: postCompareRequest.performAs - {0} executes a POST on the resource #resource
14:00:23.439 [Test worker] DEBUG org.apache.http.impl.conn.BasicClientConnectionManager - Get connection for route {s}->https://www.chrysler.com:443
14:00:23.511 [Test worker] DEBUG org.apache.http.impl.conn.DefaultClientConnectionOperator - Connecting to www.chrysler.com:443
14:00:23.787 [Test worker] DEBUG org.apache.http.client.protocol.RequestAddCookies - CookieSpec selected: ignoreCookies
14:00:23.791 [Test worker] DEBUG org.apache.http.client.protocol.RequestAuthCache - Auth cache not set in the context
14:00:23.791 [Test worker] DEBUG org.apache.http.client.protocol.RequestTargetAuthentication - Target auth state: UNCHALLENGED
14:00:23.792 [Test worker] DEBUG org.apache.http.client.protocol.RequestProxyAuthentication - Proxy auth state: UNCHALLENGED
14:00:23.793 [Test worker] DEBUG org.apache.http.impl.client.DefaultHttpClient - Attempt 1 to execute request
14:00:23.793 [Test worker] DEBUG org.apache.http.impl.conn.DefaultClientConnection - Sending request: POST /hostd/api/configuration-compare/compare HTTP/1.1
14:00:23.793 [Test worker] DEBUG org.apache.http.wire -  >> "POST /hostd/api/configuration-compare/compare HTTP/1.1[\r][\n]"
14:00:23.795 [Test worker] DEBUG org.apache.http.wire -  >> "Accept: */*[\r][\n]"
14:00:23.796 [Test worker] DEBUG org.apache.http.wire -  >> "Content-Type: application/json; charset=UTF-8[\r][\n]"
14:00:23.796 [Test worker] DEBUG org.apache.http.wire -  >> "Content-Length: 115[\r][\n]"
14:00:23.796 [Test worker] DEBUG org.apache.http.wire -  >> "Host: www.chrysler.com[\r][\n]"
14:00:23.796 [Test worker] DEBUG org.apache.http.wire -  >> "Connection: Keep-Alive[\r][\n]"
14:00:23.796 [Test worker] DEBUG org.apache.http.wire -  >> "User-Agent: Apache-HttpClient/4.5.6 (Java/1.8.0_191)[\r][\n]"
14:00:23.796 [Test worker] DEBUG org.apache.http.wire -  >> "Accept-Encoding: gzip,deflate[\r][\n]"
14:00:23.796 [Test worker] DEBUG org.apache.http.wire -  >> "[\r][\n]"
14:00:23.796 [Test worker] DEBUG org.apache.http.headers - >> POST /hostd/api/configuration-compare/compare HTTP/1.1
14:00:23.797 [Test worker] DEBUG org.apache.http.headers - >> Accept: */*
14:00:23.797 [Test worker] DEBUG org.apache.http.headers - >> Content-Type: application/json; charset=UTF-8
14:00:23.797 [Test worker] DEBUG org.apache.http.headers - >> Content-Length: 115
14:00:23.797 [Test worker] DEBUG org.apache.http.headers - >> Host: www.chrysler.com
14:00:23.797 [Test worker] DEBUG org.apache.http.headers - >> Connection: Keep-Alive
14:00:23.797 [Test worker] DEBUG org.apache.http.headers - >> User-Agent: Apache-HttpClient/4.5.6 (Java/1.8.0_191)
14:00:23.797 [Test worker] DEBUG org.apache.http.headers - >> Accept-Encoding: gzip,deflate
14:00:23.797 [Test worker] DEBUG org.apache.http.wire -  >> "{"models":[{"code":"IUT2018DS6L62B","llpCode":"2TB"},{"code":"CUD201811WDEL75A","llpCode":"245"}],"stateCode":"LA"}"
14:00:23.936 [Test worker] DEBUG org.apache.http.wire -  << "HTTP/1.1 500 Internal Server Error[\r][\n]"
14:00:23.940 [Test worker] DEBUG org.apache.http.wire -  << "Content-Type: application/json;charset=UTF-8[\r][\n]"
14:00:23.940 [Test worker] DEBUG org.apache.http.wire -  << "X-Application-Context: configuration-compare-business[\r][\n]"
14:00:23.940 [Test worker] DEBUG org.apache.http.wire -  << "Content-Encoding: gzip[\r][\n]"
14:00:23.940 [Test worker] DEBUG org.apache.http.wire -  << "Content-Length: 317[\r][\n]"
14:00:23.940 [Test worker] DEBUG org.apache.http.wire -  << "Cache-Control: max-age=3600[\r][\n]"
14:00:23.940 [Test worker] DEBUG org.apache.http.wire -  << "Expires: Fri, 20 Dec 2019 20:00:23 GMT[\r][\n]"
14:00:23.941 [Test worker] DEBUG org.apache.http.wire -  << "Date: Fri, 20 Dec 2019 19:00:23 GMT[\r][\n]"
14:00:23.941 [Test worker] DEBUG org.apache.http.wire -  << "Connection: close[\r][\n]"
14:00:23.941 [Test worker] DEBUG org.apache.http.wire -  << "Vary: Accept-Encoding[\r][\n]"
14:00:23.941 [Test worker] DEBUG org.apache.http.wire -  << "Set-Cookie: TS01d97b4b=01918915a18f12ff540de4a5c2ba9f309b7c9ddabd5154e5ae421f093b64f3d5eeec63c8fa38695ca814b11b1d7236daa465c33870; Path=/; Domain=.www.chrysler.com[\r][\n]"
14:00:23.941 [Test worker] DEBUG org.apache.http.wire -  << "Set-Cookie: CT_Akamai=georegion=295,country_code=CA,region_code=ON,city=LONDON,lat=42.98,long=-81.25,timezone=EST,zip=N5V+N5W+N5X+N5Y+N5Z+N6A+N6B+N6C+N6E+N6G+N6H+N6J+N6K+N6L+N6M+N6N+N6P,throughput=vhigh,network=,network_type=,proxy=; path=/; secure[\r][\n]"
14:00:23.941 [Test worker] DEBUG org.apache.http.wire -  << "Server-Timing: cdn-cache; desc=MISS[\r][\n]"
14:00:23.941 [Test worker] DEBUG org.apache.http.wire -  << "Server-Timing: edge; dur=61[\r][\n]"
14:00:23.941 [Test worker] DEBUG org.apache.http.wire -  << "Server-Timing: origin; dur=34[\r][\n]"
14:00:23.941 [Test worker] DEBUG org.apache.http.wire -  << "Strict-Transport-Security: max-age=15778476[\r][\n]"
14:00:23.942 [Test worker] DEBUG org.apache.http.wire -  << "[\r][\n]"
14:00:23.943 [Test worker] DEBUG org.apache.http.impl.conn.DefaultClientConnection - Receiving response: HTTP/1.1 500 Internal Server Error
14:00:23.943 [Test worker] DEBUG org.apache.http.headers - << HTTP/1.1 500 Internal Server Error
14:00:23.943 [Test worker] DEBUG org.apache.http.headers - << Content-Type: application/json;charset=UTF-8
14:00:23.943 [Test worker] DEBUG org.apache.http.headers - << X-Application-Context: configuration-compare-business
14:00:23.943 [Test worker] DEBUG org.apache.http.headers - << Content-Encoding: gzip
14:00:23.943 [Test worker] DEBUG org.apache.http.headers - << Content-Length: 317
14:00:23.943 [Test worker] DEBUG org.apache.http.headers - << Cache-Control: max-age=3600
14:00:23.943 [Test worker] DEBUG org.apache.http.headers - << Expires: Fri, 20 Dec 2019 20:00:23 GMT
14:00:23.943 [Test worker] DEBUG org.apache.http.headers - << Date: Fri, 20 Dec 2019 19:00:23 GMT
14:00:23.944 [Test worker] DEBUG org.apache.http.headers - << Connection: close
14:00:23.944 [Test worker] DEBUG org.apache.http.headers - << Vary: Accept-Encoding
14:00:23.944 [Test worker] DEBUG org.apache.http.headers - << Set-Cookie: TS01d97b4b=01918915a18f12ff540de4a5c2ba9f309b7c9ddabd5154e5ae421f093b64f3d5eeec63c8fa38695ca814b11b1d7236daa465c33870; Path=/; Domain=.www.chrysler.com
14:00:23.944 [Test worker] DEBUG org.apache.http.headers - << Set-Cookie: CT_Akamai=georegion=295,country_code=CA,region_code=ON,city=LONDON,lat=42.98,long=-81.25,timezone=EST,zip=N5V+N5W+N5X+N5Y+N5Z+N6A+N6B+N6C+N6E+N6G+N6H+N6J+N6K+N6L+N6M+N6N+N6P,throughput=vhigh,network=,network_type=,proxy=; path=/; secure
14:00:23.944 [Test worker] DEBUG org.apache.http.headers - << Server-Timing: cdn-cache; desc=MISS
14:00:23.944 [Test worker] DEBUG org.apache.http.headers - << Server-Timing: edge; dur=61
14:00:23.944 [Test worker] DEBUG org.apache.http.headers - << Server-Timing: origin; dur=34
14:00:23.944 [Test worker] DEBUG org.apache.http.headers - << Strict-Transport-Security: max-age=15778476
14:00:23.988 [Test worker] DEBUG io.restassured.internal.RequestSpecificationImpl$RestAssuredHttpBuilder - Parsing response as: application/json;charset=UTF-8
14:00:23.990 [Test worker] DEBUG org.apache.http.wire -  << "[0x1f][0x8b][0x8][0x0][0x0][0x0][0x0][0x0][0x0][0x0][0x94][0x91]1O[0xc3]0[0x10][0x85][0xff][0xca][0xc9]S+[0x5][0xb7][0x9]M[0x1a]"e(M[0x87]Je[0xa1]T[0xc][0x88][0xc1]r[0xae][0xc5][0xc2][0xb1][0x83][0xed][0x14]$[0xc4]]]>&#x7f;<![CDATA[[0xe7][0xd2]V[0x15]][0x10]L[0x96][0xdf][0xdd][0xbd][0xf7][0xf9][0xfc][0xc9][0x82]j[0xd0][0x7][0xd1][0xb4][0xac][0x88][0xd3]i[0x96]g[0xf9]$[0xb9][0xbe]I[0xf2][0x88][0x91][0x1a]:[0xcf][0x8a]t<[0x8e][0x18]:g[0x1d]+[0xd8][0xd2][0x4]tFhX[0xa3][0xdb][0xa3][0x83][0xc5]A[0xa7][0xfa][0x87][0xc4]6(k[0xa8]G[0xda][0x86]o[0xa5][0xe0][0xd2][0x9a][0xad][0xda]uN[0xf4]:[0x89][0xad]p[0xc8][0xfd]^rG[0x89][0xfc]<[0xc1]+[0xdb][0x8]ezC%qq6[0x8a][0x18][0x91]y[0xb1]C[0xb2][0x9c]i[\r][0x8d][0xad]Q{[0xd8][\n]"
14:00:23.990 [Test worker] DEBUG org.apache.http.wire -  << "[0xa5][0xb1][0xe6][0xc7]d_@g^[0x8d]}7[0xc7]2[0xc][0x8c][0x5]mwJBp[0x88]C(`~[0xa2][0xc0][0xfa][0xae][0xef][0xa8][0xd0]K[0xa7][0xe][0x9][0xf7][0xf8][0xd6][0x11][0xc9]@[0x92]^.7[0xf][0xc9]8[0xce][0xab]u[0xb6][0xca][0x92][0xdb][0x8][0xb4]n[0xe7][0xbd][0x9e]<[0xd0][0xe5][0xe2]%%-[0xc6][0xd4][0xc2][0xd5][0x11][0xec][0x95])M[0xa7]u[0x4][0xf6][0xe0][0xe8][0xcb][0xa7][0xe7][0xe1][0xe8]W[0xa2]?[0x3][0xcd]7U[0xf][0x14][0xc7][0x8f][0xd5]b5Mg?[0x90]&[0xe9]?[0x91]h[0x97][0xad][0x8]/[0xb4][0xc8][0xd1][0xc5][0xdc][0xd5][0xe9]WF[0xa7][0x93]}}[0x3][0x0][0x0][0xff][0xff][0x3][0x0].[0xcb][0x0]m[0x11][0x2][0x0][0x0]"
14:00:23.991 [Test worker] DEBUG io.restassured.internal.RequestSpecificationImpl$RestAssuredHttpBuilder - Parsed data to instance of: class org.apache.http.conn.EofSensorInputStream
14:00:24.110 [Test worker] DEBUG org.apache.http.impl.conn.BasicClientConnectionManager - Releasing connection org.apache.http.impl.conn.ManagedClientConnectionImpl@619d9a84
14:00:24.112 [Test worker] DEBUG org.apache.http.impl.conn.DefaultClientConnection - Connection 0.0.0.0:53121<->184.25.77.137:443 shut down
14:00:24.126 [Test worker] DEBUG net.thucydides.core.steps.StepInterceptor - STEP DONE: {0} executes a POST on the resource #resource
14:00:24.132 [Test worker] DEBUG net.thucydides.core.steps.StepInterceptor - STEP DONE: performAs
14:00:24.429 [Test worker] INFO net.thucydides.core.steps.ConsoleLoggingListener - 
 _____ _____ ____ _____   ____ _____  _    ____ _____ _____ ____  
|_   _| ____/ ___|_   _| / ___|_   _|/ \  |  _ \_   _| ____|  _ \ 
  | | |  _| \___ \ | |   \___ \ | | / _ \ | |_) || | |  _| | | | |
  | | | |___ ___) || |    ___) || |/ ___ \|  _ < | | | |___| |_| |
  |_| |_____|____/ |_|   |____/ |_/_/   \_\_| \_\|_| |_____|____/ 
                                                                  

TEST STARTED: User makes a Put Request against the service.
-------------------------------------------------------------------(gives-appropriate-error-messages-for-request-failures;user-makes-a-put-request-against-the-service.)
14:00:24.443 [Test worker] DEBUG net.thucydides.core.steps.StepInterceptor - STARTING STEP: model_failure_steps.theUserMakesAPUTRequestToTheConfigurationService - performAs
14:00:24.465 [Test worker] DEBUG net.thucydides.core.steps.StepInterceptor - STARTING STEP: putRequest.performAs - {0} executes a PUT on the resource #resource
14:00:24.525 [Test worker] DEBUG org.apache.http.impl.conn.BasicClientConnectionManager - Get connection for route {s}->https://www.chrysler.com:443
14:00:24.525 [Test worker] DEBUG org.apache.http.impl.conn.DefaultClientConnectionOperator - Connecting to www.chrysler.com:443
14:00:24.608 [Test worker] DEBUG org.apache.http.client.protocol.RequestAddCookies - CookieSpec selected: ignoreCookies
14:00:24.609 [Test worker] DEBUG org.apache.http.client.protocol.RequestAuthCache - Auth cache not set in the context
14:00:24.609 [Test worker] DEBUG org.apache.http.client.protocol.RequestTargetAuthentication - Target auth state: UNCHALLENGED
14:00:24.609 [Test worker] DEBUG org.apache.http.client.protocol.RequestProxyAuthentication - Proxy auth state: UNCHALLENGED
14:00:24.609 [Test worker] DEBUG org.apache.http.impl.client.DefaultHttpClient - Attempt 1 to execute request
14:00:24.609 [Test worker] DEBUG org.apache.http.impl.conn.DefaultClientConnection - Sending request: PUT /hostd/api/configuration-compare/compare HTTP/1.1
14:00:24.609 [Test worker] DEBUG org.apache.http.wire -  >> "PUT /hostd/api/configuration-compare/compare HTTP/1.1[\r][\n]"
14:00:24.609 [Test worker] DEBUG org.apache.http.wire -  >> "Accept: */*[\r][\n]"
14:00:24.610 [Test worker] DEBUG org.apache.http.wire -  >> "Content-Type: application/json; charset=UTF-8[\r][\n]"
14:00:24.610 [Test worker] DEBUG org.apache.http.wire -  >> "Content-Length: 117[\r][\n]"
14:00:24.610 [Test worker] DEBUG org.apache.http.wire -  >> "Host: www.chrysler.com[\r][\n]"
14:00:24.610 [Test worker] DEBUG org.apache.http.wire -  >> "Connection: Keep-Alive[\r][\n]"
14:00:24.610 [Test worker] DEBUG org.apache.http.wire -  >> "User-Agent: Apache-HttpClient/4.5.6 (Java/1.8.0_191)[\r][\n]"
14:00:24.610 [Test worker] DEBUG org.apache.http.wire -  >> "Accept-Encoding: gzip,deflate[\r][\n]"
14:00:24.610 [Test worker] DEBUG org.apache.http.wire -  >> "[\r][\n]"
14:00:24.610 [Test worker] DEBUG org.apache.http.headers - >> PUT /hostd/api/configuration-compare/compare HTTP/1.1
14:00:24.610 [Test worker] DEBUG org.apache.http.headers - >> Accept: */*
14:00:24.611 [Test worker] DEBUG org.apache.http.headers - >> Content-Type: application/json; charset=UTF-8
14:00:24.611 [Test worker] DEBUG org.apache.http.headers - >> Content-Length: 117
14:00:24.611 [Test worker] DEBUG org.apache.http.headers - >> Host: www.chrysler.com
14:00:24.611 [Test worker] DEBUG org.apache.http.headers - >> Connection: Keep-Alive
14:00:24.611 [Test worker] DEBUG org.apache.http.headers - >> User-Agent: Apache-HttpClient/4.5.6 (Java/1.8.0_191)
14:00:24.611 [Test worker] DEBUG org.apache.http.headers - >> Accept-Encoding: gzip,deflate
14:00:24.611 [Test worker] DEBUG org.apache.http.wire -  >> "{"models":[{"code":"IUT201813DS6L62B","llpCode":"2TB"},{"code":"CUD201811WDEL75A","llpCode":"2TA"}],"stateCode":"LA"}"
14:00:24.622 [Test worker] DEBUG org.apache.http.wire -  << "HTTP/1.1 501 Not Implemented[\r][\n]"
14:00:24.623 [Test worker] DEBUG org.apache.http.wire -  << "Server: AkamaiGHost[\r][\n]"
14:00:24.623 [Test worker] DEBUG org.apache.http.wire -  << "Mime-Version: 1.0[\r][\n]"
14:00:24.623 [Test worker] DEBUG org.apache.http.wire -  << "Content-Type: text/html[\r][\n]"
14:00:24.623 [Test worker] DEBUG org.apache.http.wire -  << "Content-Length: 296[\r][\n]"
14:00:24.623 [Test worker] DEBUG org.apache.http.wire -  << "Cache-Control: max-age=3600[\r][\n]"
14:00:24.623 [Test worker] DEBUG org.apache.http.wire -  << "Expires: Fri, 20 Dec 2019 20:00:24 GMT[\r][\n]"
14:00:24.623 [Test worker] DEBUG org.apache.http.wire -  << "Date: Fri, 20 Dec 2019 19:00:24 GMT[\r][\n]"
14:00:24.623 [Test worker] DEBUG org.apache.http.wire -  << "Connection: close[\r][\n]"
14:00:24.623 [Test worker] DEBUG org.apache.http.wire -  << "X-Akam-SW-Version: 0.5.0[\r][\n]"
14:00:24.623 [Test worker] DEBUG org.apache.http.wire -  << "Strict-Transport-Security: max-age=15778476[\r][\n]"
14:00:24.624 [Test worker] DEBUG org.apache.http.wire -  << "[\r][\n]"
14:00:24.624 [Test worker] DEBUG org.apache.http.impl.conn.DefaultClientConnection - Receiving response: HTTP/1.1 501 Not Implemented
14:00:24.624 [Test worker] DEBUG org.apache.http.headers - << HTTP/1.1 501 Not Implemented
14:00:24.624 [Test worker] DEBUG org.apache.http.headers - << Server: AkamaiGHost
14:00:24.624 [Test worker] DEBUG org.apache.http.headers - << Mime-Version: 1.0
14:00:24.624 [Test worker] DEBUG org.apache.http.headers - << Content-Type: text/html
14:00:24.624 [Test worker] DEBUG org.apache.http.headers - << Content-Length: 296
14:00:24.624 [Test worker] DEBUG org.apache.http.headers - << Cache-Control: max-age=3600
14:00:24.624 [Test worker] DEBUG org.apache.http.headers - << Expires: Fri, 20 Dec 2019 20:00:24 GMT
14:00:24.624 [Test worker] DEBUG org.apache.http.headers - << Date: Fri, 20 Dec 2019 19:00:24 GMT
14:00:24.624 [Test worker] DEBUG org.apache.http.headers - << Connection: close
14:00:24.624 [Test worker] DEBUG org.apache.http.headers - << X-Akam-SW-Version: 0.5.0
14:00:24.624 [Test worker] DEBUG org.apache.http.headers - << Strict-Transport-Security: max-age=15778476
14:00:24.625 [Test worker] DEBUG io.restassured.internal.RequestSpecificationImpl$RestAssuredHttpBuilder - Parsing response as: text/html
14:00:24.625 [Test worker] DEBUG io.restassured.internal.RequestSpecificationImpl$RestAssuredHttpBuilder - Parsed data to instance of: class org.apache.http.conn.EofSensorInputStream
14:00:24.627 [Test worker] DEBUG org.apache.http.wire -  << "<HTML><HEAD>[\n]"
14:00:24.627 [Test worker] DEBUG org.apache.http.wire -  << "<TITLE>Unsupported Request</TITLE>[\n]"
14:00:24.628 [Test worker] DEBUG org.apache.http.wire -  << "</HEAD><BODY>[\n]"
14:00:24.628 [Test worker] DEBUG org.apache.http.wire -  << "<H1>Unsupported Request</H1>[\n]"
14:00:24.628 [Test worker] DEBUG org.apache.http.wire -  << "PUT to http&#58;&#47;&#47;www&#46;chrysler&#46;com&#47;hostd&#47;api&#47;configuration&#45;compare&#47;compare not supported.<P>[\n]"
14:00:24.628 [Test worker] DEBUG org.apache.http.wire -  << "Reference&#32;&#35;8&#46;fad3e743&#46;1576868424&#46;724580c[\n]"
14:00:24.628 [Test worker] DEBUG org.apache.http.wire -  << "</BODY></HTML>[\n]"
14:00:24.628 [Test worker] DEBUG org.apache.http.impl.conn.BasicClientConnectionManager - Releasing connection org.apache.http.impl.conn.ManagedClientConnectionImpl@1219ffca
14:00:24.629 [Test worker] DEBUG org.apache.http.impl.conn.DefaultClientConnection - Connection 0.0.0.0:53122<->184.25.77.137:443 shut down
14:00:24.999 [Test worker] DEBUG net.thucydides.core.steps.StepInterceptor - STEP DONE: {0} executes a PUT on the resource #resource
14:00:25.000 [Test worker] DEBUG net.thucydides.core.steps.StepInterceptor - STEP DONE: performAs
14:00:25.009 [Test worker] INFO net.thucydides.core.steps.ConsoleLoggingListener - 
 _____ _____ ____ _____   ____ _____  _    ____ _____ _____ ____  
|_   _| ____/ ___|_   _| / ___|_   _|/ \  |  _ \_   _| ____|  _ \ 
  | | |  _| \___ \ | |   \___ \ | | / _ \ | |_) || | |  _| | | | |
  | | | |___ ___) || |    ___) || |/ ___ \|  _ < | | | |___| |_| |
  |_| |_____|____/ |_|   |____/ |_/_/   \_\_| \_\|_| |_____|____/ 
                                                                  

TEST STARTED: User makes a GET Request against the service.
-------------------------------------------------------------------(gives-appropriate-error-messages-for-request-failures;user-makes-a-get-request-against-the-service.)
14:00:25.026 [Test worker] DEBUG net.thucydides.core.steps.StepInterceptor - STARTING STEP: model_failure_steps.theUserMakesAGETRequestToTheConfigurationService - performAs



https://www.chrysler.com/hostd/api/configuration-compare/compare
14:00:25.040 [Test worker] DEBUG net.thucydides.core.steps.StepInterceptor - STARTING STEP: GetRequest.performAs - {0} executes a GET on the resource #resource
14:00:25.082 [Test worker] DEBUG org.apache.http.impl.conn.BasicClientConnectionManager - Get connection for route {s}->https://www.chrysler.com:443
14:00:25.082 [Test worker] DEBUG org.apache.http.impl.conn.DefaultClientConnectionOperator - Connecting to www.chrysler.com:443
14:00:25.173 [Test worker] DEBUG org.apache.http.client.protocol.RequestAddCookies - CookieSpec selected: ignoreCookies
14:00:25.173 [Test worker] DEBUG org.apache.http.client.protocol.RequestAuthCache - Auth cache not set in the context
14:00:25.173 [Test worker] DEBUG org.apache.http.client.protocol.RequestTargetAuthentication - Target auth state: UNCHALLENGED
14:00:25.173 [Test worker] DEBUG org.apache.http.client.protocol.RequestProxyAuthentication - Proxy auth state: UNCHALLENGED
14:00:25.173 [Test worker] DEBUG org.apache.http.impl.client.DefaultHttpClient - Attempt 1 to execute request
14:00:25.174 [Test worker] DEBUG org.apache.http.impl.conn.DefaultClientConnection - Sending request: GET /hostd/apihttps%3A%2F%2Fwww.chrysler.com/hostd/api/configuration-compare/compare HTTP/1.1
14:00:25.174 [Test worker] DEBUG org.apache.http.wire -  >> "GET /hostd/apihttps%3A%2F%2Fwww.chrysler.com/hostd/api/configuration-compare/compare HTTP/1.1[\r][\n]"
14:00:25.174 [Test worker] DEBUG org.apache.http.wire -  >> "Accept: */*[\r][\n]"
14:00:25.174 [Test worker] DEBUG org.apache.http.wire -  >> "Host: www.chrysler.com[\r][\n]"
14:00:25.174 [Test worker] DEBUG org.apache.http.wire -  >> "Connection: Keep-Alive[\r][\n]"
14:00:25.174 [Test worker] DEBUG org.apache.http.wire -  >> "User-Agent: Apache-HttpClient/4.5.6 (Java/1.8.0_191)[\r][\n]"
14:00:25.174 [Test worker] DEBUG org.apache.http.wire -  >> "Accept-Encoding: gzip,deflate[\r][\n]"
14:00:25.174 [Test worker] DEBUG org.apache.http.wire -  >> "[\r][\n]"
14:00:25.175 [Test worker] DEBUG org.apache.http.headers - >> GET /hostd/apihttps%3A%2F%2Fwww.chrysler.com/hostd/api/configuration-compare/compare HTTP/1.1
14:00:25.175 [Test worker] DEBUG org.apache.http.headers - >> Accept: */*
14:00:25.175 [Test worker] DEBUG org.apache.http.headers - >> Host: www.chrysler.com
14:00:25.175 [Test worker] DEBUG org.apache.http.headers - >> Connection: Keep-Alive
14:00:25.175 [Test worker] DEBUG org.apache.http.headers - >> User-Agent: Apache-HttpClient/4.5.6 (Java/1.8.0_191)
14:00:25.175 [Test worker] DEBUG org.apache.http.headers - >> Accept-Encoding: gzip,deflate
14:00:25.302 [Test worker] DEBUG org.apache.http.wire -  << "HTTP/1.1 400 Bad Request[\r][\n]"
14:00:25.303 [Test worker] DEBUG org.apache.http.wire -  << "Content-Type: text/html;charset=utf-8[\r][\n]"
14:00:25.303 [Test worker] DEBUG org.apache.http.wire -  << "Content-Length: 1169[\r][\n]"
14:00:25.303 [Test worker] DEBUG org.apache.http.wire -  << "Content-Language: en[\r][\n]"
14:00:25.303 [Test worker] DEBUG org.apache.http.wire -  << "Cache-Control: max-age=3600[\r][\n]"
14:00:25.303 [Test worker] DEBUG org.apache.http.wire -  << "Expires: Fri, 20 Dec 2019 20:00:25 GMT[\r][\n]"
14:00:25.303 [Test worker] DEBUG org.apache.http.wire -  << "Date: Fri, 20 Dec 2019 19:00:25 GMT[\r][\n]"
14:00:25.303 [Test worker] DEBUG org.apache.http.wire -  << "Connection: keep-alive[\r][\n]"
14:00:25.303 [Test worker] DEBUG org.apache.http.wire -  << "Set-Cookie: TS01d97b4b=01918915a1ef66c50aa50a30f45263f445545ecb2a483c5d1cd6949f2b71da2e7f0c71d6068d9a0d5a5acd313a8b5fe721d5acf5a7; Path=/; Domain=.www.chrysler.com[\r][\n]"
14:00:25.304 [Test worker] DEBUG org.apache.http.wire -  << "Set-Cookie: CT_Akamai=georegion=295,country_code=CA,region_code=ON,city=LONDON,lat=42.98,long=-81.25,timezone=EST,zip=N5V+N5W+N5X+N5Y+N5Z+N6A+N6B+N6C+N6E+N6G+N6H+N6J+N6K+N6L+N6M+N6N+N6P,throughput=vhigh,network=,network_type=,proxy=; path=/; secure[\r][\n]"
14:00:25.304 [Test worker] DEBUG org.apache.http.wire -  << "Server-Timing: cdn-cache; desc=MISS[\r][\n]"
14:00:25.304 [Test worker] DEBUG org.apache.http.wire -  << "Server-Timing: edge; dur=98[\r][\n]"
14:00:25.304 [Test worker] DEBUG org.apache.http.wire -  << "Server-Timing: origin; dur=18[\r][\n]"
14:00:25.304 [Test worker] DEBUG org.apache.http.wire -  << "X-Akam-SW-Version: 0.5.0[\r][\n]"
14:00:25.304 [Test worker] DEBUG org.apache.http.wire -  << "Strict-Transport-Security: max-age=15778476[\r][\n]"
14:00:25.304 [Test worker] DEBUG org.apache.http.wire -  << "[\r][\n]"
14:00:25.304 [Test worker] DEBUG org.apache.http.impl.conn.DefaultClientConnection - Receiving response: HTTP/1.1 400 Bad Request
14:00:25.305 [Test worker] DEBUG org.apache.http.headers - << HTTP/1.1 400 Bad Request
14:00:25.305 [Test worker] DEBUG org.apache.http.headers - << Content-Type: text/html;charset=utf-8
14:00:25.305 [Test worker] DEBUG org.apache.http.headers - << Content-Length: 1169
14:00:25.305 [Test worker] DEBUG org.apache.http.headers - << Content-Language: en
14:00:25.305 [Test worker] DEBUG org.apache.http.headers - << Cache-Control: max-age=3600
14:00:25.305 [Test worker] DEBUG org.apache.http.headers - << Expires: Fri, 20 Dec 2019 20:00:25 GMT
14:00:25.305 [Test worker] DEBUG org.apache.http.headers - << Date: Fri, 20 Dec 2019 19:00:25 GMT
14:00:25.305 [Test worker] DEBUG org.apache.http.headers - << Connection: keep-alive
14:00:25.305 [Test worker] DEBUG org.apache.http.headers - << Set-Cookie: TS01d97b4b=01918915a1ef66c50aa50a30f45263f445545ecb2a483c5d1cd6949f2b71da2e7f0c71d6068d9a0d5a5acd313a8b5fe721d5acf5a7; Path=/; Domain=.www.chrysler.com
14:00:25.305 [Test worker] DEBUG org.apache.http.headers - << Set-Cookie: CT_Akamai=georegion=295,country_code=CA,region_code=ON,city=LONDON,lat=42.98,long=-81.25,timezone=EST,zip=N5V+N5W+N5X+N5Y+N5Z+N6A+N6B+N6C+N6E+N6G+N6H+N6J+N6K+N6L+N6M+N6N+N6P,throughput=vhigh,network=,network_type=,proxy=; path=/; secure
14:00:25.305 [Test worker] DEBUG org.apache.http.headers - << Server-Timing: cdn-cache; desc=MISS
14:00:25.305 [Test worker] DEBUG org.apache.http.headers - << Server-Timing: edge; dur=98
14:00:25.305 [Test worker] DEBUG org.apache.http.headers - << Server-Timing: origin; dur=18
14:00:25.305 [Test worker] DEBUG org.apache.http.headers - << X-Akam-SW-Version: 0.5.0
14:00:25.305 [Test worker] DEBUG org.apache.http.headers - << Strict-Transport-Security: max-age=15778476
14:00:25.306 [Test worker] DEBUG org.apache.http.impl.client.DefaultHttpClient - Connection can be kept alive indefinitely
14:00:25.307 [Test worker] DEBUG io.restassured.internal.RequestSpecificationImpl$RestAssuredHttpBuilder - Parsing response as: text/html;charset=utf-8
14:00:25.307 [Test worker] DEBUG io.restassured.internal.RequestSpecificationImpl$RestAssuredHttpBuilder - Parsed data to instance of: class org.apache.http.conn.EofSensorInputStream
14:00:25.309 [Test worker] DEBUG org.apache.http.wire -  << "<!doctype html><html lang="en"><head><title>HTTP Status 400 [0xe2][0x80][0x93] Bad Request</title><style type="text/css">h1 {font-family:Tahoma,Arial,sans-serif;color:white;background-color:#525D76;font-size:22px;} h2 {font-family:Tahoma,Arial,sans-serif;color:white;background-color:#525D76;font-size:16px;} h3 {font-family:Tahoma,Arial,sans-serif;color:white;background-color:#525D76;font-size:14px;} body {font-family:Tahoma,Arial,sans-serif;color:black;background-color:white;} b {font-family:Tahoma,Arial,sans-serif;color:white;background-color:#525D76;} p {font-family:Tahoma,Arial,sans-serif;background:white;color:black;font-size:12px;} a {color:black;} a.name {color:black;} .line {height:1px;background-color:#525D76;border:none;}</style></head><body><h1>HTTP Status 400 [0xe2][0x80][0x93] Bad Request</h1><hr class="line" /><p><b>Type</b> Status Report</p><p><b>Message</b> Invalid URI: noSlash</p><p><b>Description</b> The server cannot or will not process the request due to something that is perceived to be a client error (e.g., malformed request syntax, invalid request message framing, or deceptive request routing).</p><hr class="line" /><h3>Apache Tomcat/8.5.41</h3></body></html>"
14:00:25.309 [Test worker] DEBUG org.apache.http.impl.conn.BasicClientConnectionManager - Releasing connection org.apache.http.impl.conn.ManagedClientConnectionImpl@41b2dfb9
14:00:25.309 [Test worker] DEBUG org.apache.http.impl.conn.BasicClientConnectionManager - Connection can be kept alive indefinitely
14:00:25.313 [Test worker] DEBUG net.thucydides.core.steps.StepInterceptor - STEP DONE: {0} executes a GET on the resource #resource
14:00:25.314 [Test worker] DEBUG net.thucydides.core.steps.StepInterceptor - STEP DONE: performAs
14:00:25.322 [Test worker] INFO net.thucydides.core.steps.ConsoleLoggingListener - 
 _____ _____ ____ _____   ____ _____  _    ____ _____ _____ ____  
|_   _| ____/ ___|_   _| / ___|_   _|/ \  |  _ \_   _| ____|  _ \ 
  | | |  _| \___ \ | |   \___ \ | | / _ \ | |_) || | |  _| | | | |
  | | | |___ ___) || |    ___) || |/ ___ \|  _ < | | | |___| |_| |
  |_| |_____|____/ |_|   |____/ |_/_/   \_\_| \_\|_| |_____|____/ 
                                                                  

TEST STARTED: User makes a Patch Request against the service.
-------------------------------------------------------------------(gives-appropriate-error-messages-for-request-failures;user-makes-a-patch-request-against-the-service.)
14:00:25.334 [Test worker] DEBUG net.thucydides.core.steps.StepInterceptor - STARTING STEP: model_failure_steps.theUserMakesAPATCHRequestToTheConfigurationService - performAs
14:00:25.352 [Test worker] DEBUG net.thucydides.core.steps.StepInterceptor - STARTING STEP: patchRequest.performAs - {0} executes a PUT on the resource #resource
14:00:25.387 [Test worker] DEBUG org.apache.http.impl.conn.BasicClientConnectionManager - Get connection for route {s}->https://www.chrysler.com:443
14:00:25.387 [Test worker] DEBUG org.apache.http.impl.conn.DefaultClientConnectionOperator - Connecting to www.chrysler.com:443
14:00:25.467 [Test worker] DEBUG org.apache.http.client.protocol.RequestAddCookies - CookieSpec selected: ignoreCookies
14:00:25.467 [Test worker] DEBUG org.apache.http.client.protocol.RequestAuthCache - Auth cache not set in the context
14:00:25.467 [Test worker] DEBUG org.apache.http.client.protocol.RequestTargetAuthentication - Target auth state: UNCHALLENGED
14:00:25.467 [Test worker] DEBUG org.apache.http.client.protocol.RequestProxyAuthentication - Proxy auth state: UNCHALLENGED
14:00:25.467 [Test worker] DEBUG org.apache.http.impl.client.DefaultHttpClient - Attempt 1 to execute request
14:00:25.467 [Test worker] DEBUG org.apache.http.impl.conn.DefaultClientConnection - Sending request: PATCH /hostd/api/configuration-compare/compare HTTP/1.1
14:00:25.468 [Test worker] DEBUG org.apache.http.wire -  >> "PATCH /hostd/api/configuration-compare/compare HTTP/1.1[\r][\n]"
14:00:25.468 [Test worker] DEBUG org.apache.http.wire -  >> "Accept: */*[\r][\n]"
14:00:25.468 [Test worker] DEBUG org.apache.http.wire -  >> "Content-Type: application/json; charset=UTF-8[\r][\n]"
14:00:25.468 [Test worker] DEBUG org.apache.http.wire -  >> "Content-Length: 117[\r][\n]"
14:00:25.468 [Test worker] DEBUG org.apache.http.wire -  >> "Host: www.chrysler.com[\r][\n]"
14:00:25.468 [Test worker] DEBUG org.apache.http.wire -  >> "Connection: Keep-Alive[\r][\n]"
14:00:25.468 [Test worker] DEBUG org.apache.http.wire -  >> "User-Agent: Apache-HttpClient/4.5.6 (Java/1.8.0_191)[\r][\n]"
14:00:25.468 [Test worker] DEBUG org.apache.http.wire -  >> "Accept-Encoding: gzip,deflate[\r][\n]"
14:00:25.468 [Test worker] DEBUG org.apache.http.wire -  >> "[\r][\n]"
14:00:25.468 [Test worker] DEBUG org.apache.http.headers - >> PATCH /hostd/api/configuration-compare/compare HTTP/1.1
14:00:25.468 [Test worker] DEBUG org.apache.http.headers - >> Accept: */*
14:00:25.468 [Test worker] DEBUG org.apache.http.headers - >> Content-Type: application/json; charset=UTF-8
14:00:25.468 [Test worker] DEBUG org.apache.http.headers - >> Content-Length: 117
14:00:25.468 [Test worker] DEBUG org.apache.http.headers - >> Host: www.chrysler.com
14:00:25.468 [Test worker] DEBUG org.apache.http.headers - >> Connection: Keep-Alive
14:00:25.469 [Test worker] DEBUG org.apache.http.headers - >> User-Agent: Apache-HttpClient/4.5.6 (Java/1.8.0_191)
14:00:25.469 [Test worker] DEBUG org.apache.http.headers - >> Accept-Encoding: gzip,deflate
14:00:25.469 [Test worker] DEBUG org.apache.http.wire -  >> "{"models":[{"code":"IUT201813DS6L62B","llpCode":"2TB"},{"code":"CUD201811WDEL75A","llpCode":"2TA"}],"stateCode":"LA"}"
14:00:25.481 [Test worker] DEBUG org.apache.http.wire -  << "HTTP/1.1 501 Not Implemented[\r][\n]"
14:00:25.482 [Test worker] DEBUG org.apache.http.wire -  << "Server: AkamaiGHost[\r][\n]"
14:00:25.482 [Test worker] DEBUG org.apache.http.wire -  << "Mime-Version: 1.0[\r][\n]"
14:00:25.482 [Test worker] DEBUG org.apache.http.wire -  << "Content-Type: text/html[\r][\n]"
14:00:25.482 [Test worker] DEBUG org.apache.http.wire -  << "Content-Length: 298[\r][\n]"
14:00:25.482 [Test worker] DEBUG org.apache.http.wire -  << "Cache-Control: max-age=3600[\r][\n]"
14:00:25.482 [Test worker] DEBUG org.apache.http.wire -  << "Expires: Fri, 20 Dec 2019 20:00:25 GMT[\r][\n]"
14:00:25.482 [Test worker] DEBUG org.apache.http.wire -  << "Date: Fri, 20 Dec 2019 19:00:25 GMT[\r][\n]"
14:00:25.482 [Test worker] DEBUG org.apache.http.wire -  << "Connection: close[\r][\n]"
14:00:25.482 [Test worker] DEBUG org.apache.http.wire -  << "X-Akam-SW-Version: 0.5.0[\r][\n]"
14:00:25.482 [Test worker] DEBUG org.apache.http.wire -  << "Strict-Transport-Security: max-age=15778476[\r][\n]"
14:00:25.482 [Test worker] DEBUG org.apache.http.wire -  << "[\r][\n]"
14:00:25.482 [Test worker] DEBUG org.apache.http.impl.conn.DefaultClientConnection - Receiving response: HTTP/1.1 501 Not Implemented
14:00:25.482 [Test worker] DEBUG org.apache.http.headers - << HTTP/1.1 501 Not Implemented
14:00:25.482 [Test worker] DEBUG org.apache.http.headers - << Server: AkamaiGHost
14:00:25.483 [Test worker] DEBUG org.apache.http.headers - << Mime-Version: 1.0
14:00:25.483 [Test worker] DEBUG org.apache.http.headers - << Content-Type: text/html
14:00:25.483 [Test worker] DEBUG org.apache.http.headers - << Content-Length: 298
14:00:25.483 [Test worker] DEBUG org.apache.http.headers - << Cache-Control: max-age=3600
14:00:25.483 [Test worker] DEBUG org.apache.http.headers - << Expires: Fri, 20 Dec 2019 20:00:25 GMT
14:00:25.483 [Test worker] DEBUG org.apache.http.headers - << Date: Fri, 20 Dec 2019 19:00:25 GMT
14:00:25.483 [Test worker] DEBUG org.apache.http.headers - << Connection: close
14:00:25.483 [Test worker] DEBUG org.apache.http.headers - << X-Akam-SW-Version: 0.5.0
14:00:25.483 [Test worker] DEBUG org.apache.http.headers - << Strict-Transport-Security: max-age=15778476
14:00:25.483 [Test worker] DEBUG io.restassured.internal.RequestSpecificationImpl$RestAssuredHttpBuilder - Parsing response as: text/html
14:00:25.483 [Test worker] DEBUG io.restassured.internal.RequestSpecificationImpl$RestAssuredHttpBuilder - Parsed data to instance of: class org.apache.http.conn.EofSensorInputStream
14:00:25.486 [Test worker] DEBUG org.apache.http.wire -  << "<HTML><HEAD>[\n]"
14:00:25.486 [Test worker] DEBUG org.apache.http.wire -  << "<TITLE>Unsupported Request</TITLE>[\n]"
14:00:25.486 [Test worker] DEBUG org.apache.http.wire -  << "</HEAD><BODY>[\n]"
14:00:25.486 [Test worker] DEBUG org.apache.http.wire -  << "<H1>Unsupported Request</H1>[\n]"
14:00:25.486 [Test worker] DEBUG org.apache.http.wire -  << "PATCH to http&#58;&#47;&#47;www&#46;chrysler&#46;com&#47;hostd&#47;api&#47;configuration&#45;compare&#47;compare not supported.<P>[\n]"
14:00:25.486 [Test worker] DEBUG org.apache.http.wire -  << "Reference&#32;&#35;8&#46;fad3e743&#46;1576868425&#46;7245b08[\n]"
14:00:25.486 [Test worker] DEBUG org.apache.http.wire -  << "</BODY></HTML>[\n]"
14:00:25.486 [Test worker] DEBUG org.apache.http.impl.conn.BasicClientConnectionManager - Releasing connection org.apache.http.impl.conn.ManagedClientConnectionImpl@48432269
14:00:25.487 [Test worker] DEBUG org.apache.http.impl.conn.DefaultClientConnection - Connection 0.0.0.0:53124<->184.25.77.137:443 shut down
14:00:25.489 [Test worker] DEBUG net.thucydides.core.steps.StepInterceptor - STEP DONE: {0} executes a PUT on the resource #resource
14:00:25.490 [Test worker] DEBUG net.thucydides.core.steps.StepInterceptor - STEP DONE: performAs
14:00:25.497 [Test worker] INFO net.thucydides.core.steps.ConsoleLoggingListener - 
 _____ _____ ____ _____   ____ _____  _    ____ _____ _____ ____  
|_   _| ____/ ___|_   _| / ___|_   _|/ \  |  _ \_   _| ____|  _ \ 
  | | |  _| \___ \ | |   \___ \ | | / _ \ | |_) || | |  _| | | | |
  | | | |___ ___) || |    ___) || |/ ___ \|  _ < | | | |___| |_| |
  |_| |_____|____/ |_|   |____/ |_/_/   \_\_| \_\|_| |_____|____/ 
                                                                  

TEST STARTED: Missing stateCode in the request body.
-------------------------------------------------------------------(gives-appropriate-error-messages-for-request-failures;missing-statecode-in-the-request-body.)
14:00:25.504 [Test worker] DEBUG net.thucydides.core.steps.StepInterceptor - STARTING STEP: model_failure_steps.the_user_makes_a_post_request_with_three_valid_CCODES_Llp_s - performAs
14:00:25.508 [Test worker] DEBUG net.thucydides.core.steps.StepInterceptor - STARTING STEP: postCompareRequest.performAs - {0} executes a POST on the resource #resource
14:00:25.530 [Test worker] DEBUG org.apache.http.impl.conn.BasicClientConnectionManager - Get connection for route {s}->https://www.chrysler.com:443
14:00:25.531 [Test worker] DEBUG org.apache.http.impl.conn.DefaultClientConnectionOperator - Connecting to www.chrysler.com:443
14:00:25.613 [Test worker] DEBUG org.apache.http.client.protocol.RequestAddCookies - CookieSpec selected: ignoreCookies
14:00:25.613 [Test worker] DEBUG org.apache.http.client.protocol.RequestAuthCache - Auth cache not set in the context
14:00:25.613 [Test worker] DEBUG org.apache.http.client.protocol.RequestTargetAuthentication - Target auth state: UNCHALLENGED
14:00:25.613 [Test worker] DEBUG org.apache.http.client.protocol.RequestProxyAuthentication - Proxy auth state: UNCHALLENGED
14:00:25.614 [Test worker] DEBUG org.apache.http.impl.client.DefaultHttpClient - Attempt 1 to execute request
14:00:25.614 [Test worker] DEBUG org.apache.http.impl.conn.DefaultClientConnection - Sending request: POST /hostd/api/configuration-compare/compare HTTP/1.1
14:00:25.614 [Test worker] DEBUG org.apache.http.wire -  >> "POST /hostd/api/configuration-compare/compare HTTP/1.1[\r][\n]"
14:00:25.614 [Test worker] DEBUG org.apache.http.wire -  >> "Accept: */*[\r][\n]"
14:00:25.614 [Test worker] DEBUG org.apache.http.wire -  >> "Content-Type: application/json; charset=UTF-8[\r][\n]"
14:00:25.614 [Test worker] DEBUG org.apache.http.wire -  >> "Content-Length: 100[\r][\n]"
14:00:25.614 [Test worker] DEBUG org.apache.http.wire -  >> "Host: www.chrysler.com[\r][\n]"
14:00:25.614 [Test worker] DEBUG org.apache.http.wire -  >> "Connection: Keep-Alive[\r][\n]"
14:00:25.615 [Test worker] DEBUG org.apache.http.wire -  >> "User-Agent: Apache-HttpClient/4.5.6 (Java/1.8.0_191)[\r][\n]"
14:00:25.615 [Test worker] DEBUG org.apache.http.wire -  >> "Accept-Encoding: gzip,deflate[\r][\n]"
14:00:25.615 [Test worker] DEBUG org.apache.http.wire -  >> "[\r][\n]"
14:00:25.615 [Test worker] DEBUG org.apache.http.headers - >> POST /hostd/api/configuration-compare/compare HTTP/1.1
14:00:25.615 [Test worker] DEBUG org.apache.http.headers - >> Accept: */*
14:00:25.615 [Test worker] DEBUG org.apache.http.headers - >> Content-Type: application/json; charset=UTF-8
14:00:25.615 [Test worker] DEBUG org.apache.http.headers - >> Content-Length: 100
14:00:25.615 [Test worker] DEBUG org.apache.http.headers - >> Host: www.chrysler.com
14:00:25.615 [Test worker] DEBUG org.apache.http.headers - >> Connection: Keep-Alive
14:00:25.615 [Test worker] DEBUG org.apache.http.headers - >> User-Agent: Apache-HttpClient/4.5.6 (Java/1.8.0_191)
14:00:25.615 [Test worker] DEBUG org.apache.http.headers - >> Accept-Encoding: gzip,deflate
14:00:25.615 [Test worker] DEBUG org.apache.http.wire -  >> "{"models":[{"code":"IUT201813DS6L62B","llpCode":"2TB"},{"code":"CUD201811WDEL75A","llpCode":"2TA"}]}"
14:00:25.666 [Test worker] DEBUG org.apache.http.wire -  << "HTTP/1.1 400 Bad Request[\r][\n]"
14:00:25.666 [Test worker] DEBUG org.apache.http.wire -  << "Content-Type: application/json;charset=UTF-8[\r][\n]"
14:00:25.666 [Test worker] DEBUG org.apache.http.wire -  << "X-Application-Context: configuration-compare-business[\r][\n]"
14:00:25.667 [Test worker] DEBUG org.apache.http.wire -  << "Content-Encoding: gzip[\r][\n]"
14:00:25.667 [Test worker] DEBUG org.apache.http.wire -  << "Content-Length: 352[\r][\n]"
14:00:25.667 [Test worker] DEBUG org.apache.http.wire -  << "Cache-Control: max-age=3600[\r][\n]"
14:00:25.667 [Test worker] DEBUG org.apache.http.wire -  << "Expires: Fri, 20 Dec 2019 20:00:25 GMT[\r][\n]"
14:00:25.667 [Test worker] DEBUG org.apache.http.wire -  << "Date: Fri, 20 Dec 2019 19:00:25 GMT[\r][\n]"
14:00:25.667 [Test worker] DEBUG org.apache.http.wire -  << "Connection: close[\r][\n]"
14:00:25.667 [Test worker] DEBUG org.apache.http.wire -  << "Vary: Accept-Encoding[\r][\n]"
14:00:25.667 [Test worker] DEBUG org.apache.http.wire -  << "Set-Cookie: TS01d97b4b=01918915a18105d07bcb6e86bf55380a3c51bc1b8e61bdd2183e6f290b717b5d48c0555168f242214d489f2ce3ffb9a2623a6a3cba; Path=/; Domain=.www.chrysler.com[\r][\n]"
14:00:25.667 [Test worker] DEBUG org.apache.http.wire -  << "Set-Cookie: CT_Akamai=georegion=295,country_code=CA,region_code=ON,city=LONDON,lat=42.98,long=-81.25,timezone=EST,zip=N5V+N5W+N5X+N5Y+N5Z+N6A+N6B+N6C+N6E+N6G+N6H+N6J+N6K+N6L+N6M+N6N+N6P,throughput=vhigh,network=,network_type=,proxy=; path=/; secure[\r][\n]"
14:00:25.667 [Test worker] DEBUG org.apache.http.wire -  << "Server-Timing: cdn-cache; desc=MISS[\r][\n]"
14:00:25.667 [Test worker] DEBUG org.apache.http.wire -  << "Server-Timing: edge; dur=19[\r][\n]"
14:00:25.667 [Test worker] DEBUG org.apache.http.wire -  << "Server-Timing: origin; dur=21[\r][\n]"
14:00:25.667 [Test worker] DEBUG org.apache.http.wire -  << "Strict-Transport-Security: max-age=15778476[\r][\n]"
14:00:25.667 [Test worker] DEBUG org.apache.http.wire -  << "[\r][\n]"
14:00:25.668 [Test worker] DEBUG org.apache.http.impl.conn.DefaultClientConnection - Receiving response: HTTP/1.1 400 Bad Request
14:00:25.668 [Test worker] DEBUG org.apache.http.headers - << HTTP/1.1 400 Bad Request
14:00:25.668 [Test worker] DEBUG org.apache.http.headers - << Content-Type: application/json;charset=UTF-8
14:00:25.668 [Test worker] DEBUG org.apache.http.headers - << X-Application-Context: configuration-compare-business
14:00:25.668 [Test worker] DEBUG org.apache.http.headers - << Content-Encoding: gzip
14:00:25.668 [Test worker] DEBUG org.apache.http.headers - << Content-Length: 352
14:00:25.668 [Test worker] DEBUG org.apache.http.headers - << Cache-Control: max-age=3600
14:00:25.668 [Test worker] DEBUG org.apache.http.headers - << Expires: Fri, 20 Dec 2019 20:00:25 GMT
14:00:25.668 [Test worker] DEBUG org.apache.http.headers - << Date: Fri, 20 Dec 2019 19:00:25 GMT
14:00:25.668 [Test worker] DEBUG org.apache.http.headers - << Connection: close
14:00:25.668 [Test worker] DEBUG org.apache.http.headers - << Vary: Accept-Encoding
14:00:25.668 [Test worker] DEBUG org.apache.http.headers - << Set-Cookie: TS01d97b4b=01918915a18105d07bcb6e86bf55380a3c51bc1b8e61bdd2183e6f290b717b5d48c0555168f242214d489f2ce3ffb9a2623a6a3cba; Path=/; Domain=.www.chrysler.com
14:00:25.668 [Test worker] DEBUG org.apache.http.headers - << Set-Cookie: CT_Akamai=georegion=295,country_code=CA,region_code=ON,city=LONDON,lat=42.98,long=-81.25,timezone=EST,zip=N5V+N5W+N5X+N5Y+N5Z+N6A+N6B+N6C+N6E+N6G+N6H+N6J+N6K+N6L+N6M+N6N+N6P,throughput=vhigh,network=,network_type=,proxy=; path=/; secure
14:00:25.668 [Test worker] DEBUG org.apache.http.headers - << Server-Timing: cdn-cache; desc=MISS
14:00:25.668 [Test worker] DEBUG org.apache.http.headers - << Server-Timing: edge; dur=19
14:00:25.668 [Test worker] DEBUG org.apache.http.headers - << Server-Timing: origin; dur=21
14:00:25.668 [Test worker] DEBUG org.apache.http.headers - << Strict-Transport-Security: max-age=15778476
14:00:25.669 [Test worker] DEBUG io.restassured.internal.RequestSpecificationImpl$RestAssuredHttpBuilder - Parsing response as: application/json;charset=UTF-8
14:00:25.669 [Test worker] DEBUG org.apache.http.wire -  << "[0x1f][0x8b][0x8][0x0][0x0][0x0][0x0][0x0][0x0][0x0]|[0x91]AO[0x2]1[0x10][0x85][0xff]J[0xd3][0xb][0x97][0xb5][0x80][0x1][0xc4]M<[0xa8][0xc1][0x1b][0x1c]4[0xf1]b8[0xcc]ng[0x97]b[0xb7]][0xbb][0xad]h[0x8][0xff][0xdd]).[0xe0][0x12][0xe2][0xa9][0xcd][0xcc][0xbc]y_[0xde]l[0xb9]W[0x15]6[0x1e][0xaa][0x9a][0xa7][0xc3][0xf1][0xcd]d:[0x99][0x8e][0xae][0xc7][0x93][0xf1]m[0xc2][0xa9][0xea]C[0xc3][0xd3][0xd1]`[0x90]pt[0xce]:[0x9e][0xf2][0x7][0x90][0xec][0x19]?[0x2]i8U[0xbf]r[0xac][0xbd][0xb2][0x86]:[0xd6][0x95][0xa2][0xa9][0x9d]2e[0xe1][0xa0][0xc2][0x8d]u[0xef]b[0x83][0x99][0xc8][0x94][0x91]b[0x8e]~e[0xe5][0xbd]+C[0x85][0xc6]/[0xac]]]>&#x7f;<![CDATA[[0x5][0xad][0xe4][0xec](o[\r][0xc8][0xed]m[0xcb]s+1[0xfe]8[0xcd]-[0x82][0xd6]"[0xb7]U[\r][0xe][_[0x11][0xc1][0xf0][0x91][0x86]Hv[0x18][0xb9]T[[0xc3]'[0x8][\r][0xa6][0x14]/>r[0x9d]Z|[0x99]pha[0xce]<[0xff][0xf1]:[0xfd][0xbb]rC[0x1b][0x13].[0xb1][0x80][0xa0][0xfd][0x1c][0x9b][0x6]J[0xa4]@[0xfe]J[0xe3][0xfa]Ni[0xb7][0xbc][0xa0][0xa8][0xe0][0x9b][0x19][0xeb]Y[0x86],[0xee]$[0x9d][0xcd][0xd6][0x98][0xfb][0x5][0xe5]I[0xed].[0x1a]u[0xb][0x85]Z[0x9e]99[0x8c][\n]"
14:00:25.669 [Test worker] DEBUG org.apache.http.wire -  << "[0x94][0x14]p[0xc0][0x3][[0xbc][0x1][0x5][0xf0][0x4]J[0x7]G[0xd5][0x2]t[0x83]G[0xaa]C([0x91][0xa9]:[0xc2][0xec]/[0x4][0xf1]:[0xac] [0x1d]JVX[0xc7]~[0x81][0xee]z][0x96][0x9e]`[0xb3]x?[0x96][0xdb]`|[0xca][0x86][0x4]R[0x83]_[0xd1][0x9a]~nM[0xa1][0xca][0xe0][0xf6][0xab][0xae]Z][0xbf]}[0xf9][0xee][0x7][0x0][0x0][0xff][0xff][0x3][0x0][0xc0]V[0x2]r[0x82][0x2][0x0][0x0]"
14:00:25.669 [Test worker] DEBUG io.restassured.internal.RequestSpecificationImpl$RestAssuredHttpBuilder - Parsed data to instance of: class org.apache.http.conn.EofSensorInputStream
14:00:25.673 [Test worker] DEBUG org.apache.http.impl.conn.BasicClientConnectionManager - Releasing connection org.apache.http.impl.conn.ManagedClientConnectionImpl@1003c996
14:00:25.673 [Test worker] DEBUG org.apache.http.impl.conn.DefaultClientConnection - Connection 0.0.0.0:53125<->184.25.77.137:443 shut down
14:00:25.675 [Test worker] DEBUG net.thucydides.core.steps.StepInterceptor - STEP DONE: {0} executes a POST on the resource #resource
14:00:25.676 [Test worker] DEBUG net.thucydides.core.steps.StepInterceptor - STEP DONE: performAs
14:00:25.682 [Test worker] INFO net.thucydides.core.steps.ConsoleLoggingListener - 
 _____ _____ ____ _____   ____ _____  _    ____ _____ _____ ____  
|_   _| ____/ ___|_   _| / ___|_   _|/ \  |  _ \_   _| ____|  _ \ 
  | | |  _| \___ \ | |   \___ \ | | / _ \ | |_) || | |  _| | | | |
  | | | |___ ___) || |    ___) || |/ ___ \|  _ < | | | |___| |_| |
  |_| |_____|____/ |_|   |____/ |_/_/   \_\_| \_\|_| |_____|____/ 
                                                                  

TEST STARTED: Missing Ccode in the request body.
-------------------------------------------------------------------(gives-appropriate-error-messages-for-request-failures;missing-ccode-in-the-request-body.)
14:00:25.688 [Test worker] DEBUG net.thucydides.core.steps.StepInterceptor - STARTING STEP: model_failure_steps.the_user_makes_a_post_request_with_three_valid_CCODES_Llp_s - performAs
14:00:25.692 [Test worker] DEBUG net.thucydides.core.steps.StepInterceptor - STARTING STEP: postCompareRequest.performAs - {0} executes a POST on the resource #resource
14:00:25.724 [Test worker] DEBUG org.apache.http.impl.conn.BasicClientConnectionManager - Get connection for route {s}->https://www.chrysler.com:443
14:00:25.724 [Test worker] DEBUG org.apache.http.impl.conn.DefaultClientConnectionOperator - Connecting to www.chrysler.com:443
14:00:25.801 [Test worker] DEBUG org.apache.http.client.protocol.RequestAddCookies - CookieSpec selected: ignoreCookies
14:00:25.801 [Test worker] DEBUG org.apache.http.client.protocol.RequestAuthCache - Auth cache not set in the context
14:00:25.801 [Test worker] DEBUG org.apache.http.client.protocol.RequestTargetAuthentication - Target auth state: UNCHALLENGED
14:00:25.801 [Test worker] DEBUG org.apache.http.client.protocol.RequestProxyAuthentication - Proxy auth state: UNCHALLENGED
14:00:25.801 [Test worker] DEBUG org.apache.http.impl.client.DefaultHttpClient - Attempt 1 to execute request
14:00:25.801 [Test worker] DEBUG org.apache.http.impl.conn.DefaultClientConnection - Sending request: POST /hostd/api/configuration-compare/compare HTTP/1.1
14:00:25.802 [Test worker] DEBUG org.apache.http.wire -  >> "POST /hostd/api/configuration-compare/compare HTTP/1.1[\r][\n]"
14:00:25.802 [Test worker] DEBUG org.apache.http.wire -  >> "Accept: */*[\r][\n]"
14:00:25.802 [Test worker] DEBUG org.apache.http.wire -  >> "Content-Type: application/json; charset=UTF-8[\r][\n]"
14:00:25.802 [Test worker] DEBUG org.apache.http.wire -  >> "Content-Length: 101[\r][\n]"
14:00:25.802 [Test worker] DEBUG org.apache.http.wire -  >> "Host: www.chrysler.com[\r][\n]"
14:00:25.802 [Test worker] DEBUG org.apache.http.wire -  >> "Connection: Keep-Alive[\r][\n]"
14:00:25.802 [Test worker] DEBUG org.apache.http.wire -  >> "User-Agent: Apache-HttpClient/4.5.6 (Java/1.8.0_191)[\r][\n]"
14:00:25.802 [Test worker] DEBUG org.apache.http.wire -  >> "Accept-Encoding: gzip,deflate[\r][\n]"
14:00:25.802 [Test worker] DEBUG org.apache.http.wire -  >> "[\r][\n]"
14:00:25.802 [Test worker] DEBUG org.apache.http.headers - >> POST /hostd/api/configuration-compare/compare HTTP/1.1
14:00:25.802 [Test worker] DEBUG org.apache.http.headers - >> Accept: */*
14:00:25.802 [Test worker] DEBUG org.apache.http.headers - >> Content-Type: application/json; charset=UTF-8
14:00:25.802 [Test worker] DEBUG org.apache.http.headers - >> Content-Length: 101
14:00:25.802 [Test worker] DEBUG org.apache.http.headers - >> Host: www.chrysler.com
14:00:25.802 [Test worker] DEBUG org.apache.http.headers - >> Connection: Keep-Alive
14:00:25.803 [Test worker] DEBUG org.apache.http.headers - >> User-Agent: Apache-HttpClient/4.5.6 (Java/1.8.0_191)
14:00:25.803 [Test worker] DEBUG org.apache.http.headers - >> Accept-Encoding: gzip,deflate
14:00:25.803 [Test worker] DEBUG org.apache.http.wire -  >> "{"models":[{"code":"","llpCode":"2TB"},{"code":"CUD201811WDEL75A","llpCode":"2TA"}],"stateCode":"LA"}"
14:00:25.875 [Test worker] DEBUG org.apache.http.wire -  << "HTTP/1.1 400 Bad Request[\r][\n]"
14:00:25.875 [Test worker] DEBUG org.apache.http.wire -  << "Content-Type: application/json;charset=UTF-8[\r][\n]"
14:00:25.875 [Test worker] DEBUG org.apache.http.wire -  << "X-Application-Context: configuration-compare-business[\r][\n]"
14:00:25.875 [Test worker] DEBUG org.apache.http.wire -  << "Content-Encoding: gzip[\r][\n]"
14:00:25.875 [Test worker] DEBUG org.apache.http.wire -  << "Content-Length: 221[\r][\n]"
14:00:25.875 [Test worker] DEBUG org.apache.http.wire -  << "Cache-Control: max-age=3600[\r][\n]"
14:00:25.875 [Test worker] DEBUG org.apache.http.wire -  << "Expires: Fri, 20 Dec 2019 20:00:25 GMT[\r][\n]"
14:00:25.875 [Test worker] DEBUG org.apache.http.wire -  << "Date: Fri, 20 Dec 2019 19:00:25 GMT[\r][\n]"
14:00:25.875 [Test worker] DEBUG org.apache.http.wire -  << "Connection: close[\r][\n]"
14:00:25.875 [Test worker] DEBUG org.apache.http.wire -  << "Vary: Accept-Encoding[\r][\n]"
14:00:25.875 [Test worker] DEBUG org.apache.http.wire -  << "Set-Cookie: TS01d97b4b=01918915a1df9033ae3c488f6e65a8bd7ab70161b61b77136d4478a81599a60b5804c2154a59fb13e92ebe46c581c0088b0cf9dbf7; Path=/; Domain=.www.chrysler.com[\r][\n]"
14:00:25.876 [Test worker] DEBUG org.apache.http.wire -  << "Set-Cookie: CT_Akamai=georegion=295,country_code=CA,region_code=ON,city=LONDON,lat=42.98,long=-81.25,timezone=EST,zip=N5V+N5W+N5X+N5Y+N5Z+N6A+N6B+N6C+N6E+N6G+N6H+N6J+N6K+N6L+N6M+N6N+N6P,throughput=vhigh,network=,network_type=,proxy=; path=/; secure[\r][\n]"
14:00:25.876 [Test worker] DEBUG org.apache.http.wire -  << "Server-Timing: cdn-cache; desc=MISS[\r][\n]"
14:00:25.876 [Test worker] DEBUG org.apache.http.wire -  << "Server-Timing: edge; dur=42[\r][\n]"
14:00:25.876 [Test worker] DEBUG org.apache.http.wire -  << "Server-Timing: origin; dur=19[\r][\n]"
14:00:25.876 [Test worker] DEBUG org.apache.http.wire -  << "Strict-Transport-Security: max-age=15778476[\r][\n]"
14:00:25.876 [Test worker] DEBUG org.apache.http.wire -  << "[\r][\n]"
14:00:25.876 [Test worker] DEBUG org.apache.http.impl.conn.DefaultClientConnection - Receiving response: HTTP/1.1 400 Bad Request
14:00:25.876 [Test worker] DEBUG org.apache.http.headers - << HTTP/1.1 400 Bad Request
14:00:25.876 [Test worker] DEBUG org.apache.http.headers - << Content-Type: application/json;charset=UTF-8
14:00:25.876 [Test worker] DEBUG org.apache.http.headers - << X-Application-Context: configuration-compare-business
14:00:25.876 [Test worker] DEBUG org.apache.http.headers - << Content-Encoding: gzip
14:00:25.876 [Test worker] DEBUG org.apache.http.headers - << Content-Length: 221
14:00:25.876 [Test worker] DEBUG org.apache.http.headers - << Cache-Control: max-age=3600
14:00:25.876 [Test worker] DEBUG org.apache.http.headers - << Expires: Fri, 20 Dec 2019 20:00:25 GMT
14:00:25.876 [Test worker] DEBUG org.apache.http.headers - << Date: Fri, 20 Dec 2019 19:00:25 GMT
14:00:25.876 [Test worker] DEBUG org.apache.http.headers - << Connection: close
14:00:25.876 [Test worker] DEBUG org.apache.http.headers - << Vary: Accept-Encoding
14:00:25.876 [Test worker] DEBUG org.apache.http.headers - << Set-Cookie: TS01d97b4b=01918915a1df9033ae3c488f6e65a8bd7ab70161b61b77136d4478a81599a60b5804c2154a59fb13e92ebe46c581c0088b0cf9dbf7; Path=/; Domain=.www.chrysler.com
14:00:25.876 [Test worker] DEBUG org.apache.http.headers - << Set-Cookie: CT_Akamai=georegion=295,country_code=CA,region_code=ON,city=LONDON,lat=42.98,long=-81.25,timezone=EST,zip=N5V+N5W+N5X+N5Y+N5Z+N6A+N6B+N6C+N6E+N6G+N6H+N6J+N6K+N6L+N6M+N6N+N6P,throughput=vhigh,network=,network_type=,proxy=; path=/; secure
14:00:25.876 [Test worker] DEBUG org.apache.http.headers - << Server-Timing: cdn-cache; desc=MISS
14:00:25.876 [Test worker] DEBUG org.apache.http.headers - << Server-Timing: edge; dur=42
14:00:25.876 [Test worker] DEBUG org.apache.http.headers - << Server-Timing: origin; dur=19
14:00:25.876 [Test worker] DEBUG org.apache.http.headers - << Strict-Transport-Security: max-age=15778476
14:00:25.877 [Test worker] DEBUG io.restassured.internal.RequestSpecificationImpl$RestAssuredHttpBuilder - Parsing response as: application/json;charset=UTF-8
14:00:25.878 [Test worker] DEBUG org.apache.http.wire -  << "[0x1f][0x8b][0x8][0x0][0x0][0x0][0x0][0x0][0x0][0x0]T[0x8e][0xbb][0xaa][0xc2]@[0x10][0x86]_e[0x98][0xd6][0xb8]Q[0xf1][0x12]R[0x1e]8[0x85][0x8d][0x85][0x85][0x8d][0x9c]b[0xdc]L[0xcc]B[0xb2][0xbb][0xee]n[0x82]"[0xbe][0xfb][0x19]1[0x4][0xac][0x6][0xbe][0xf9]oOL[0xa6][0xe3][0x98][0xa8][0xf3]X.7[0xbb]m[0xb1]-[0xd6][0xab]M[0xb1][e(4[0xf5][0x11][0xcb][0xf5]b[0x91]![0x87][0xe0][0x2][0x96][0xf8]C[0x15][0x1c][0xf9][0xd6][0x8b][0x7][0x85][0xde]5[0xfb]d[0x9c][0x95][0x8f]v[0x9d][0xaa]5)[0xed]lm[0xae]}[0xa0]7[0x17][0xe8])[0xb0][0x8a][0x83]VA<jr[0xa8][0xbd][0x1d][0xa8]5[0xd5][0x18][0xf6];%e([0x83]"]Y2[0xcf][0xcb]?[0xe8][0xfa][0x98][0xa0][0xa1][0x81][0xe1][0xe2]R[0x3]Z[0xbb][0x8a][0x81]l[0x5]m[0xeb][0xc1][0x5][0xb0]lR[0xc3]![0x9f][0xb4][0xd1][0xb3]6[0xf5][0x3]>[0x1c][0xe8]c[0x99][0x8d]r[0x82][0xd3][0xfe] %[0x9e]R#[\r][0xf9][0xd7][0xdc][0xf9][0xb8]7[0x1f]/[0xbe][0xfe][0x1][0x0][0x0][0xff][0xff][0x3][0x0]~${[0x18]![0x1][0x0][0x0]"
14:00:25.878 [Test worker] DEBUG io.restassured.internal.RequestSpecificationImpl$RestAssuredHttpBuilder - Parsed data to instance of: class org.apache.http.conn.EofSensorInputStream
14:00:25.880 [Test worker] DEBUG org.apache.http.impl.conn.BasicClientConnectionManager - Releasing connection org.apache.http.impl.conn.ManagedClientConnectionImpl@4a3ccc52
14:00:25.881 [Test worker] DEBUG org.apache.http.impl.conn.DefaultClientConnection - Connection 0.0.0.0:53126<->184.25.77.137:443 shut down
14:00:25.882 [Test worker] DEBUG net.thucydides.core.steps.StepInterceptor - STEP DONE: {0} executes a POST on the resource #resource
14:00:25.883 [Test worker] DEBUG net.thucydides.core.steps.StepInterceptor - STEP DONE: performAs
14:00:25.889 [Test worker] INFO net.thucydides.core.steps.ConsoleLoggingListener - 
 _____ _____ ____ _____   ____ _____  _    ____ _____ _____ ____  
|_   _| ____/ ___|_   _| / ___|_   _|/ \  |  _ \_   _| ____|  _ \ 
  | | |  _| \___ \ | |   \___ \ | | / _ \ | |_) || | |  _| | | | |
  | | | |___ ___) || |    ___) || |/ ___ \|  _ < | | | |___| |_| |
  |_| |_____|____/ |_|   |____/ |_/_/   \_\_| \_\|_| |_____|____/ 
                                                                  

TEST STARTED: Missing Llp in the request body.
-------------------------------------------------------------------(gives-appropriate-error-messages-for-request-failures;missing-llp-in-the-request-body.)
14:00:25.897 [Test worker] DEBUG net.thucydides.core.steps.StepInterceptor - STARTING STEP: model_failure_steps.the_user_makes_a_post_request_with_three_valid_CCODES_Llp_s - performAs
14:00:25.902 [Test worker] DEBUG net.thucydides.core.steps.StepInterceptor - STARTING STEP: postCompareRequest.performAs - {0} executes a POST on the resource #resource
14:00:25.924 [Test worker] DEBUG org.apache.http.impl.conn.BasicClientConnectionManager - Get connection for route {s}->https://www.chrysler.com:443
14:00:25.924 [Test worker] DEBUG org.apache.http.impl.conn.DefaultClientConnectionOperator - Connecting to www.chrysler.com:443
14:00:26.003 [Test worker] DEBUG org.apache.http.client.protocol.RequestAddCookies - CookieSpec selected: ignoreCookies
14:00:26.003 [Test worker] DEBUG org.apache.http.client.protocol.RequestAuthCache - Auth cache not set in the context
14:00:26.003 [Test worker] DEBUG org.apache.http.client.protocol.RequestTargetAuthentication - Target auth state: UNCHALLENGED
14:00:26.003 [Test worker] DEBUG org.apache.http.client.protocol.RequestProxyAuthentication - Proxy auth state: UNCHALLENGED
14:00:26.004 [Test worker] DEBUG org.apache.http.impl.client.DefaultHttpClient - Attempt 1 to execute request
14:00:26.004 [Test worker] DEBUG org.apache.http.impl.conn.DefaultClientConnection - Sending request: POST /hostd/api/configuration-compare/compare HTTP/1.1
14:00:26.004 [Test worker] DEBUG org.apache.http.wire -  >> "POST /hostd/api/configuration-compare/compare HTTP/1.1[\r][\n]"
14:00:26.004 [Test worker] DEBUG org.apache.http.wire -  >> "Accept: */*[\r][\n]"
14:00:26.004 [Test worker] DEBUG org.apache.http.wire -  >> "Content-Type: application/json; charset=UTF-8[\r][\n]"
14:00:26.004 [Test worker] DEBUG org.apache.http.wire -  >> "Content-Length: 114[\r][\n]"
14:00:26.004 [Test worker] DEBUG org.apache.http.wire -  >> "Host: www.chrysler.com[\r][\n]"
14:00:26.004 [Test worker] DEBUG org.apache.http.wire -  >> "Connection: Keep-Alive[\r][\n]"
14:00:26.004 [Test worker] DEBUG org.apache.http.wire -  >> "User-Agent: Apache-HttpClient/4.5.6 (Java/1.8.0_191)[\r][\n]"
14:00:26.004 [Test worker] DEBUG org.apache.http.wire -  >> "Accept-Encoding: gzip,deflate[\r][\n]"
14:00:26.004 [Test worker] DEBUG org.apache.http.wire -  >> "[\r][\n]"
14:00:26.004 [Test worker] DEBUG org.apache.http.headers - >> POST /hostd/api/configuration-compare/compare HTTP/1.1
14:00:26.004 [Test worker] DEBUG org.apache.http.headers - >> Accept: */*
14:00:26.005 [Test worker] DEBUG org.apache.http.headers - >> Content-Type: application/json; charset=UTF-8
14:00:26.005 [Test worker] DEBUG org.apache.http.headers - >> Content-Length: 114
14:00:26.005 [Test worker] DEBUG org.apache.http.headers - >> Host: www.chrysler.com
14:00:26.005 [Test worker] DEBUG org.apache.http.headers - >> Connection: Keep-Alive
14:00:26.005 [Test worker] DEBUG org.apache.http.headers - >> User-Agent: Apache-HttpClient/4.5.6 (Java/1.8.0_191)
14:00:26.005 [Test worker] DEBUG org.apache.http.headers - >> Accept-Encoding: gzip,deflate
14:00:26.005 [Test worker] DEBUG org.apache.http.wire -  >> "{"models":[{"code":"IUT201813DS6L62B","llpCode":"2TB"},{"code":"CUD201811WDEL75A","llpCode":""}],"stateCode":"LA"}"
14:00:26.083 [Test worker] DEBUG org.apache.http.wire -  << "HTTP/1.1 400 Bad Request[\r][\n]"
14:00:26.083 [Test worker] DEBUG org.apache.http.wire -  << "Content-Type: application/json;charset=UTF-8[\r][\n]"
14:00:26.083 [Test worker] DEBUG org.apache.http.wire -  << "X-Application-Context: configuration-compare-business[\r][\n]"
14:00:26.083 [Test worker] DEBUG org.apache.http.wire -  << "Content-Encoding: gzip[\r][\n]"
14:00:26.083 [Test worker] DEBUG org.apache.http.wire -  << "Content-Length: 197[\r][\n]"
14:00:26.083 [Test worker] DEBUG org.apache.http.wire -  << "Cache-Control: max-age=3600[\r][\n]"
14:00:26.083 [Test worker] DEBUG org.apache.http.wire -  << "Expires: Fri, 20 Dec 2019 20:00:26 GMT[\r][\n]"
14:00:26.083 [Test worker] DEBUG org.apache.http.wire -  << "Date: Fri, 20 Dec 2019 19:00:26 GMT[\r][\n]"
14:00:26.083 [Test worker] DEBUG org.apache.http.wire -  << "Connection: close[\r][\n]"
14:00:26.083 [Test worker] DEBUG org.apache.http.wire -  << "Vary: Accept-Encoding[\r][\n]"
14:00:26.083 [Test worker] DEBUG org.apache.http.wire -  << "Set-Cookie: TS01d97b4b=01918915a1786a36ab5facab3ae3233f02b4c7fac031bf6a35e8c64bf528533d1abc21ebcefa9cc5efcfc7a79cb3607c8b491bb217; Path=/; Domain=.www.chrysler.com[\r][\n]"
14:00:26.083 [Test worker] DEBUG org.apache.http.wire -  << "Set-Cookie: CT_Akamai=georegion=295,country_code=CA,region_code=ON,city=LONDON,lat=42.98,long=-81.25,timezone=EST,zip=N5V+N5W+N5X+N5Y+N5Z+N6A+N6B+N6C+N6E+N6G+N6H+N6J+N6K+N6L+N6M+N6N+N6P,throughput=vhigh,network=,network_type=,proxy=; path=/; secure[\r][\n]"
14:00:26.084 [Test worker] DEBUG org.apache.http.wire -  << "Server-Timing: cdn-cache; desc=MISS[\r][\n]"
14:00:26.084 [Test worker] DEBUG org.apache.http.wire -  << "Server-Timing: edge; dur=41[\r][\n]"
14:00:26.084 [Test worker] DEBUG org.apache.http.wire -  << "Server-Timing: origin; dur=18[\r][\n]"
14:00:26.084 [Test worker] DEBUG org.apache.http.wire -  << "Strict-Transport-Security: max-age=15778476[\r][\n]"
14:00:26.084 [Test worker] DEBUG org.apache.http.wire -  << "[\r][\n]"
14:00:26.084 [Test worker] DEBUG org.apache.http.impl.conn.DefaultClientConnection - Receiving response: HTTP/1.1 400 Bad Request
14:00:26.084 [Test worker] DEBUG org.apache.http.headers - << HTTP/1.1 400 Bad Request
14:00:26.084 [Test worker] DEBUG org.apache.http.headers - << Content-Type: application/json;charset=UTF-8
14:00:26.084 [Test worker] DEBUG org.apache.http.headers - << X-Application-Context: configuration-compare-business
14:00:26.084 [Test worker] DEBUG org.apache.http.headers - << Content-Encoding: gzip
14:00:26.084 [Test worker] DEBUG org.apache.http.headers - << Content-Length: 197
14:00:26.084 [Test worker] DEBUG org.apache.http.headers - << Cache-Control: max-age=3600
14:00:26.084 [Test worker] DEBUG org.apache.http.headers - << Expires: Fri, 20 Dec 2019 20:00:26 GMT
14:00:26.084 [Test worker] DEBUG org.apache.http.headers - << Date: Fri, 20 Dec 2019 19:00:26 GMT
14:00:26.084 [Test worker] DEBUG org.apache.http.headers - << Connection: close
14:00:26.084 [Test worker] DEBUG org.apache.http.headers - << Vary: Accept-Encoding
14:00:26.084 [Test worker] DEBUG org.apache.http.headers - << Set-Cookie: TS01d97b4b=01918915a1786a36ab5facab3ae3233f02b4c7fac031bf6a35e8c64bf528533d1abc21ebcefa9cc5efcfc7a79cb3607c8b491bb217; Path=/; Domain=.www.chrysler.com
14:00:26.084 [Test worker] DEBUG org.apache.http.headers - << Set-Cookie: CT_Akamai=georegion=295,country_code=CA,region_code=ON,city=LONDON,lat=42.98,long=-81.25,timezone=EST,zip=N5V+N5W+N5X+N5Y+N5Z+N6A+N6B+N6C+N6E+N6G+N6H+N6J+N6K+N6L+N6M+N6N+N6P,throughput=vhigh,network=,network_type=,proxy=; path=/; secure
14:00:26.084 [Test worker] DEBUG org.apache.http.headers - << Server-Timing: cdn-cache; desc=MISS
14:00:26.084 [Test worker] DEBUG org.apache.http.headers - << Server-Timing: edge; dur=41
14:00:26.084 [Test worker] DEBUG org.apache.http.headers - << Server-Timing: origin; dur=18
14:00:26.084 [Test worker] DEBUG org.apache.http.headers - << Strict-Transport-Security: max-age=15778476
14:00:26.085 [Test worker] DEBUG io.restassured.internal.RequestSpecificationImpl$RestAssuredHttpBuilder - Parsing response as: application/json;charset=UTF-8
14:00:26.085 [Test worker] DEBUG org.apache.http.wire -  << "[0x1f][0x8b][0x8][0x0][0x0][0x0][0x0][0x0][0x0][0x0]T[0x8e][0xbd][\n]"
14:00:26.085 [Test worker] DEBUG org.apache.http.wire -  << "[0xc2]@[0x10][0x6]_e[0xd9]:[0x9e]Q4[0x9])[0x5][0xb][[[0xb1]X/[0x1b]s[0x90][0xfb][0xf1][0xee][0x12][0x4][0xf1][0xdd]]![0x8]V[0xb][0xb3][0xcc][0xf0][0xbd]0[0x1b][0xcb])[0x93][\r][0xd8]n[0xf6]u[0xd5]T[0xcd]n[[0x95]uS[0xa0][0xd0]<%lweY [0xc7][0xe8]#[0xb6]x[0xa0][0xe][0xce][0xfc][0x98][0xc4]A[0xa1]O[0xcd]![0x1b][0xef][0xe4][0xa3][0xbd]U[0xbd]&[0xa5][0xbd][0xeb][0xcd]}[0x8a][0xf4][0xe5][0x2][0x3]EVi[0xd6]*[0x8a][0xa3]~[0x86]:[0xb9][0x99]F[0xd3]-[0xb1][0xe3][0xaf]T[0xa0][0xc]Jtgi^[0xb6]W[0xb0]S[0xca]0[0xd0][0xcc]p[0xf3]y[0x0][0xad]}[0xc7]@[0xae][0x83]q[0xc][0xe0]#86y[0xe0](^[0xa0]<[0x88][0xb4][0xfe][[0xb0]Z&[0xac][0x97][0x8b][0xef][0xf][0x0][0x0][0x0][0xff][0xff][0x3][0x0][0xf2][0x94]bu[0xf4][0x0][0x0][0x0]"
14:00:26.085 [Test worker] DEBUG io.restassured.internal.RequestSpecificationImpl$RestAssuredHttpBuilder - Parsed data to instance of: class org.apache.http.conn.EofSensorInputStream
14:00:26.088 [Test worker] DEBUG org.apache.http.impl.conn.BasicClientConnectionManager - Releasing connection org.apache.http.impl.conn.ManagedClientConnectionImpl@10c9eaf8
14:00:26.088 [Test worker] DEBUG org.apache.http.impl.conn.DefaultClientConnection - Connection 0.0.0.0:53127<->184.25.77.137:443 shut down
14:00:26.089 [Test worker] DEBUG net.thucydides.core.steps.StepInterceptor - STEP DONE: {0} executes a POST on the resource #resource
14:00:26.090 [Test worker] DEBUG net.thucydides.core.steps.StepInterceptor - STEP DONE: performAs
]]></system-out>
  <system-err><![CDATA[]]></system-err>
</testsuite>
